<?xml version="1.0" encoding="UTF-8"?>
<testsuite name="com.shopvintage.bidders.BiddersApplicationTests" tests="1" skipped="0" failures="0" errors="0" timestamp="2021-02-20T18:52:07" hostname="Alfredos-MacBook-Pro.local" time="0.175">
  <properties/>
  <testcase name="contextLoads()" classname="com.shopvintage.bidders.BiddersApplicationTests" time="0.175"/>
  <system-out><![CDATA[13:51:53.105 [Test worker] DEBUG org.springframework.test.context.BootstrapUtils - Instantiating CacheAwareContextLoaderDelegate from class [org.springframework.test.context.cache.DefaultCacheAwareContextLoaderDelegate]
13:51:53.116 [Test worker] DEBUG org.springframework.test.context.BootstrapUtils - Instantiating BootstrapContext using constructor [public org.springframework.test.context.support.DefaultBootstrapContext(java.lang.Class,org.springframework.test.context.CacheAwareContextLoaderDelegate)]
13:51:53.150 [Test worker] DEBUG org.springframework.test.context.BootstrapUtils - Instantiating TestContextBootstrapper for test class [com.shopvintage.bidders.BiddersApplicationTests] from class [org.springframework.boot.test.context.SpringBootTestContextBootstrapper]
13:51:53.161 [Test worker] INFO org.springframework.boot.test.context.SpringBootTestContextBootstrapper - Neither @ContextConfiguration nor @ContextHierarchy found for test class [com.shopvintage.bidders.BiddersApplicationTests], using SpringBootContextLoader
13:51:53.165 [Test worker] DEBUG org.springframework.test.context.support.AbstractContextLoader - Did not detect default resource location for test class [com.shopvintage.bidders.BiddersApplicationTests]: class path resource [com/shopvintage/bidders/BiddersApplicationTests-context.xml] does not exist
13:51:53.165 [Test worker] DEBUG org.springframework.test.context.support.AbstractContextLoader - Did not detect default resource location for test class [com.shopvintage.bidders.BiddersApplicationTests]: class path resource [com/shopvintage/bidders/BiddersApplicationTestsContext.groovy] does not exist
13:51:53.166 [Test worker] INFO org.springframework.test.context.support.AbstractContextLoader - Could not detect default resource locations for test class [com.shopvintage.bidders.BiddersApplicationTests]: no resource found for suffixes {-context.xml, Context.groovy}.
13:51:53.166 [Test worker] INFO org.springframework.test.context.support.AnnotationConfigContextLoaderUtils - Could not detect default configuration classes for test class [com.shopvintage.bidders.BiddersApplicationTests]: BiddersApplicationTests does not declare any static, non-private, non-final, nested classes annotated with @Configuration.
13:51:53.205 [Test worker] DEBUG org.springframework.test.context.support.ActiveProfilesUtils - Could not find an 'annotation declaring class' for annotation type [org.springframework.test.context.ActiveProfiles] and class [com.shopvintage.bidders.BiddersApplicationTests]
13:51:53.248 [Test worker] DEBUG org.springframework.context.annotation.ClassPathScanningCandidateComponentProvider - Identified candidate component class: file [/Users/alfredobenaute/bootcamp/bootcamp-shopvintage-bidders/build/classes/java/main/com/shopvintage/bidders/BiddersApplication.class]
13:51:53.249 [Test worker] INFO org.springframework.boot.test.context.SpringBootTestContextBootstrapper - Found @SpringBootConfiguration com.shopvintage.bidders.BiddersApplication for test class com.shopvintage.bidders.BiddersApplicationTests
13:51:53.316 [Test worker] DEBUG org.springframework.boot.test.context.SpringBootTestContextBootstrapper - @TestExecutionListeners is not present for class [com.shopvintage.bidders.BiddersApplicationTests]: using defaults.
13:51:53.317 [Test worker] INFO org.springframework.boot.test.context.SpringBootTestContextBootstrapper - Loaded default TestExecutionListener class names from location [META-INF/spring.factories]: [org.springframework.boot.test.autoconfigure.restdocs.RestDocsTestExecutionListener, org.springframework.boot.test.autoconfigure.web.client.MockRestServiceServerResetTestExecutionListener, org.springframework.boot.test.autoconfigure.web.servlet.MockMvcPrintOnlyOnFailureTestExecutionListener, org.springframework.boot.test.autoconfigure.web.servlet.WebDriverTestExecutionListener, org.springframework.boot.test.autoconfigure.webservices.client.MockWebServiceServerTestExecutionListener, org.springframework.boot.test.mock.mockito.MockitoTestExecutionListener, org.springframework.boot.test.mock.mockito.ResetMocksTestExecutionListener, org.springframework.test.context.web.ServletTestExecutionListener, org.springframework.test.context.support.DirtiesContextBeforeModesTestExecutionListener, org.springframework.test.context.event.ApplicationEventsTestExecutionListener, org.springframework.test.context.support.DependencyInjectionTestExecutionListener, org.springframework.test.context.support.DirtiesContextTestExecutionListener, org.springframework.test.context.transaction.TransactionalTestExecutionListener, org.springframework.test.context.jdbc.SqlScriptsTestExecutionListener, org.springframework.test.context.event.EventPublishingTestExecutionListener]
13:51:53.330 [Test worker] INFO org.springframework.boot.test.context.SpringBootTestContextBootstrapper - Using TestExecutionListeners: [org.springframework.test.context.web.ServletTestExecutionListener@6e5f4915, org.springframework.test.context.support.DirtiesContextBeforeModesTestExecutionListener@61a6b396, org.springframework.test.context.event.ApplicationEventsTestExecutionListener@f6b3f9e, org.springframework.boot.test.mock.mockito.MockitoTestExecutionListener@3a5c8ee7, org.springframework.boot.test.autoconfigure.SpringBootDependencyInjectionTestExecutionListener@2e5f7f58, org.springframework.test.context.support.DirtiesContextTestExecutionListener@7ab14306, org.springframework.test.context.transaction.TransactionalTestExecutionListener@2cf00401, org.springframework.test.context.jdbc.SqlScriptsTestExecutionListener@72059cce, org.springframework.test.context.event.EventPublishingTestExecutionListener@27759869, org.springframework.boot.test.autoconfigure.restdocs.RestDocsTestExecutionListener@57ac46f2, org.springframework.boot.test.autoconfigure.web.client.MockRestServiceServerResetTestExecutionListener@7bd0900a, org.springframework.boot.test.autoconfigure.web.servlet.MockMvcPrintOnlyOnFailureTestExecutionListener@25ed8052, org.springframework.boot.test.autoconfigure.web.servlet.WebDriverTestExecutionListener@2ed0e256, org.springframework.boot.test.autoconfigure.webservices.client.MockWebServiceServerTestExecutionListener@1b7ebaa8, org.springframework.boot.test.mock.mockito.ResetMocksTestExecutionListener@6451390d]
13:51:53.333 [Test worker] DEBUG org.springframework.test.context.support.AbstractDirtiesContextTestExecutionListener - Before test class: context [DefaultTestContext@28f36e1f testClass = BiddersApplicationTests, testInstance = [null], testMethod = [null], testException = [null], mergedContextConfiguration = [WebMergedContextConfiguration@50587a57 testClass = BiddersApplicationTests, locations = '{}', classes = '{class com.shopvintage.bidders.BiddersApplication}', contextInitializerClasses = '[]', activeProfiles = '{}', propertySourceLocations = '{}', propertySourceProperties = '{org.springframework.boot.test.context.SpringBootTestContextBootstrapper=true}', contextCustomizers = set[org.springframework.boot.test.autoconfigure.actuate.metrics.MetricsExportContextCustomizerFactory$DisableMetricExportContextCustomizer@a5cea99, org.springframework.boot.test.autoconfigure.properties.PropertyMappingContextCustomizer@0, org.springframework.boot.test.autoconfigure.web.servlet.WebDriverContextCustomizerFactory$Customizer@5ea26b10, org.springframework.boot.test.context.filter.ExcludeFilterContextCustomizer@5ba738da, org.springframework.boot.test.json.DuplicateJsonObjectContextCustomizerFactory$DuplicateJsonObjectContextCustomizer@37929835, org.springframework.boot.test.mock.mockito.MockitoContextCustomizer@0, org.springframework.boot.test.web.client.TestRestTemplateContextCustomizer@5639ded3, org.springframework.boot.test.context.SpringBootTestArgs@1, org.springframework.boot.test.context.SpringBootTestWebEnvironment@4642a04d], resourceBasePath = 'src/main/webapp', contextLoader = 'org.springframework.boot.test.context.SpringBootContextLoader', parent = [null]], attributes = map['org.springframework.test.context.web.ServletTestExecutionListener.activateListener' -> true]], class annotated with @DirtiesContext [false] with mode [null].
13:51:53.360 [Test worker] DEBUG org.springframework.test.context.support.TestPropertySourceUtils - Adding inlined properties to environment: {spring.jmx.enabled=false, org.springframework.boot.test.context.SpringBootTestContextBootstrapper=true}

  .   ____          _            __ _ _
 /\\ / ___'_ __ _ _(_)_ __  __ _ \ \ \ \
( ( )\___ | '_ | '_| | '_ \/ _` | \ \ \ \
 \\/  ___)| |_)| | | | | || (_| |  ) ) ) )
  '  |____| .__|_| |_|_| |_\__, | / / / /
 =========|_|==============|___/=/_/_/_/
 :: Spring Boot ::                (v2.4.3)

2021-02-20 13:51:56.040  INFO 42298 --- [    Test worker] c.c.c.ConfigServicePropertySourceLocator : Fetching config from server at : http://localhost:8888
2021-02-20 13:51:56.532  INFO 42298 --- [    Test worker] c.c.c.ConfigServicePropertySourceLocator : Located environment: name=bootcamp-shopvintage-bidders, profiles=[default], label=null, version=9cbd3bdbace14e99ad47e160bad714167a35827c, state=null
2021-02-20 13:51:56.533  INFO 42298 --- [    Test worker] b.c.PropertySourceBootstrapConfiguration : Located property source: [BootstrapPropertySource {name='bootstrapProperties-configClient'}]
2021-02-20 13:51:56.545  INFO 42298 --- [    Test worker] c.s.bidders.BiddersApplicationTests      : No active profile set, falling back to default profiles: default
2021-02-20 13:51:57.037  INFO 42298 --- [    Test worker] .s.d.r.c.RepositoryConfigurationDelegate : Bootstrapping Spring Data JPA repositories in DEFAULT mode.
2021-02-20 13:51:57.090  INFO 42298 --- [    Test worker] .s.d.r.c.RepositoryConfigurationDelegate : Finished Spring Data repository scanning in 45 ms. Found 1 JPA repository interfaces.
2021-02-20 13:51:57.280  INFO 42298 --- [    Test worker] o.s.cloud.context.scope.GenericScope     : BeanFactory id=0231208a-2710-39d2-80c9-64f76612d184
2021-02-20 13:51:57.734  INFO 42298 --- [    Test worker] com.zaxxer.hikari.HikariDataSource       : HikariPool-1 - Starting...
2021-02-20 13:52:04.970  INFO 42298 --- [    Test worker] com.zaxxer.hikari.HikariDataSource       : HikariPool-1 - Start completed.
2021-02-20 13:52:05.042  INFO 42298 --- [    Test worker] o.hibernate.jpa.internal.util.LogHelper  : HHH000204: Processing PersistenceUnitInfo [name: default]
2021-02-20 13:52:05.093  INFO 42298 --- [    Test worker] org.hibernate.Version                    : HHH000412: Hibernate ORM core version 5.4.28.Final
2021-02-20 13:52:05.237  INFO 42298 --- [    Test worker] o.hibernate.annotations.common.Version   : HCANN000001: Hibernate Commons Annotations {5.1.2.Final}
2021-02-20 13:52:05.359  INFO 42298 --- [    Test worker] org.hibernate.dialect.Dialect            : HHH000400: Using dialect: org.hibernate.dialect.SQLServer2012Dialect
2021-02-20 13:52:06.417  INFO 42298 --- [    Test worker] o.h.e.t.j.p.i.JtaPlatformInitiator       : HHH000490: Using JtaPlatform implementation: [org.hibernate.engine.transaction.jta.platform.internal.NoJtaPlatform]
2021-02-20 13:52:06.425  INFO 42298 --- [    Test worker] j.LocalContainerEntityManagerFactoryBean : Initialized JPA EntityManagerFactory for persistence unit 'default'
2021-02-20 13:52:06.951  WARN 42298 --- [    Test worker] JpaBaseConfiguration$JpaWebConfiguration : spring.jpa.open-in-view is enabled by default. Therefore, database queries may be performed during view rendering. Explicitly configure spring.jpa.open-in-view to disable this warning
2021-02-20 13:52:07.164  INFO 42298 --- [    Test worker] o.s.s.concurrent.ThreadPoolTaskExecutor  : Initializing ExecutorService 'applicationTaskExecutor'
2021-02-20 13:52:07.711  INFO 42298 --- [    Test worker] c.s.bidders.BiddersApplicationTests      : Started BiddersApplicationTests in 14.341 seconds (JVM running for 15.289)
]]></system-out>
  <system-err><![CDATA[]]></system-err>
</testsuite>
