<?xml version="1.0" encoding="UTF-8"?>
<testsuite name="com.shopvintage.bidders.BiddersApplicationTests" tests="1" skipped="0" failures="0" errors="0" timestamp="2021-02-23T21:18:11" hostname="Alfredos-MacBook-Pro.local" time="0.184">
  <properties/>
  <testcase name="contextLoads()" classname="com.shopvintage.bidders.BiddersApplicationTests" time="0.184"/>
  <system-out><![CDATA[16:18:04.518 [Test worker] DEBUG org.springframework.test.context.BootstrapUtils - Instantiating CacheAwareContextLoaderDelegate from class [org.springframework.test.context.cache.DefaultCacheAwareContextLoaderDelegate]
16:18:04.534 [Test worker] DEBUG org.springframework.test.context.BootstrapUtils - Instantiating BootstrapContext using constructor [public org.springframework.test.context.support.DefaultBootstrapContext(java.lang.Class,org.springframework.test.context.CacheAwareContextLoaderDelegate)]
16:18:04.573 [Test worker] DEBUG org.springframework.test.context.BootstrapUtils - Instantiating TestContextBootstrapper for test class [com.shopvintage.bidders.BiddersApplicationTests] from class [org.springframework.boot.test.context.SpringBootTestContextBootstrapper]
16:18:04.588 [Test worker] INFO org.springframework.boot.test.context.SpringBootTestContextBootstrapper - Neither @ContextConfiguration nor @ContextHierarchy found for test class [com.shopvintage.bidders.BiddersApplicationTests], using SpringBootContextLoader
16:18:04.593 [Test worker] DEBUG org.springframework.test.context.support.AbstractContextLoader - Did not detect default resource location for test class [com.shopvintage.bidders.BiddersApplicationTests]: class path resource [com/shopvintage/bidders/BiddersApplicationTests-context.xml] does not exist
16:18:04.593 [Test worker] DEBUG org.springframework.test.context.support.AbstractContextLoader - Did not detect default resource location for test class [com.shopvintage.bidders.BiddersApplicationTests]: class path resource [com/shopvintage/bidders/BiddersApplicationTestsContext.groovy] does not exist
16:18:04.594 [Test worker] INFO org.springframework.test.context.support.AbstractContextLoader - Could not detect default resource locations for test class [com.shopvintage.bidders.BiddersApplicationTests]: no resource found for suffixes {-context.xml, Context.groovy}.
16:18:04.595 [Test worker] INFO org.springframework.test.context.support.AnnotationConfigContextLoaderUtils - Could not detect default configuration classes for test class [com.shopvintage.bidders.BiddersApplicationTests]: BiddersApplicationTests does not declare any static, non-private, non-final, nested classes annotated with @Configuration.
16:18:04.648 [Test worker] DEBUG org.springframework.test.context.support.ActiveProfilesUtils - Could not find an 'annotation declaring class' for annotation type [org.springframework.test.context.ActiveProfiles] and class [com.shopvintage.bidders.BiddersApplicationTests]
16:18:04.713 [Test worker] DEBUG org.springframework.context.annotation.ClassPathScanningCandidateComponentProvider - Identified candidate component class: file [/Users/alfredobenaute/bootcamp/bootcamp-shopvintage-bidders/build/classes/java/main/com/shopvintage/bidders/BiddersApplication.class]
16:18:04.714 [Test worker] INFO org.springframework.boot.test.context.SpringBootTestContextBootstrapper - Found @SpringBootConfiguration com.shopvintage.bidders.BiddersApplication for test class com.shopvintage.bidders.BiddersApplicationTests
16:18:04.819 [Test worker] DEBUG org.springframework.boot.test.context.SpringBootTestContextBootstrapper - @TestExecutionListeners is not present for class [com.shopvintage.bidders.BiddersApplicationTests]: using defaults.
16:18:04.819 [Test worker] INFO org.springframework.boot.test.context.SpringBootTestContextBootstrapper - Loaded default TestExecutionListener class names from location [META-INF/spring.factories]: [org.springframework.boot.test.autoconfigure.restdocs.RestDocsTestExecutionListener, org.springframework.boot.test.autoconfigure.web.client.MockRestServiceServerResetTestExecutionListener, org.springframework.boot.test.autoconfigure.web.servlet.MockMvcPrintOnlyOnFailureTestExecutionListener, org.springframework.boot.test.autoconfigure.web.servlet.WebDriverTestExecutionListener, org.springframework.boot.test.autoconfigure.webservices.client.MockWebServiceServerTestExecutionListener, org.springframework.boot.test.mock.mockito.MockitoTestExecutionListener, org.springframework.boot.test.mock.mockito.ResetMocksTestExecutionListener, org.springframework.test.context.web.ServletTestExecutionListener, org.springframework.test.context.support.DirtiesContextBeforeModesTestExecutionListener, org.springframework.test.context.event.ApplicationEventsTestExecutionListener, org.springframework.test.context.support.DependencyInjectionTestExecutionListener, org.springframework.test.context.support.DirtiesContextTestExecutionListener, org.springframework.test.context.transaction.TransactionalTestExecutionListener, org.springframework.test.context.jdbc.SqlScriptsTestExecutionListener, org.springframework.test.context.event.EventPublishingTestExecutionListener]
16:18:04.840 [Test worker] INFO org.springframework.boot.test.context.SpringBootTestContextBootstrapper - Using TestExecutionListeners: [org.springframework.test.context.web.ServletTestExecutionListener@79f42996, org.springframework.test.context.support.DirtiesContextBeforeModesTestExecutionListener@3d4fce62, org.springframework.test.context.event.ApplicationEventsTestExecutionListener@3fed681c, org.springframework.boot.test.mock.mockito.MockitoTestExecutionListener@8c80d85, org.springframework.boot.test.autoconfigure.SpringBootDependencyInjectionTestExecutionListener@50283d93, org.springframework.test.context.support.DirtiesContextTestExecutionListener@1357c52a, org.springframework.test.context.transaction.TransactionalTestExecutionListener@472ef2d4, org.springframework.test.context.jdbc.SqlScriptsTestExecutionListener@f427b91, org.springframework.test.context.event.EventPublishingTestExecutionListener@1e170b4f, org.springframework.boot.test.autoconfigure.restdocs.RestDocsTestExecutionListener@3344e332, org.springframework.boot.test.autoconfigure.web.client.MockRestServiceServerResetTestExecutionListener@3cc0fdc, org.springframework.boot.test.autoconfigure.web.servlet.MockMvcPrintOnlyOnFailureTestExecutionListener@1fce62c7, org.springframework.boot.test.autoconfigure.web.servlet.WebDriverTestExecutionListener@39254f02, org.springframework.boot.test.autoconfigure.webservices.client.MockWebServiceServerTestExecutionListener@2d6c6667, org.springframework.boot.test.mock.mockito.ResetMocksTestExecutionListener@4ebd3ef9]
16:18:04.845 [Test worker] DEBUG org.springframework.test.context.support.AbstractDirtiesContextTestExecutionListener - Before test class: context [DefaultTestContext@3029f53c testClass = BiddersApplicationTests, testInstance = [null], testMethod = [null], testException = [null], mergedContextConfiguration = [WebMergedContextConfiguration@2100f1a4 testClass = BiddersApplicationTests, locations = '{}', classes = '{class com.shopvintage.bidders.BiddersApplication}', contextInitializerClasses = '[]', activeProfiles = '{}', propertySourceLocations = '{}', propertySourceProperties = '{org.springframework.boot.test.context.SpringBootTestContextBootstrapper=true}', contextCustomizers = set[org.springframework.boot.test.autoconfigure.actuate.metrics.MetricsExportContextCustomizerFactory$DisableMetricExportContextCustomizer@3ae01026, org.springframework.boot.test.autoconfigure.properties.PropertyMappingContextCustomizer@0, org.springframework.boot.test.autoconfigure.web.servlet.WebDriverContextCustomizerFactory$Customizer@11f9924b, org.springframework.boot.test.context.filter.ExcludeFilterContextCustomizer@4e0af96, org.springframework.boot.test.json.DuplicateJsonObjectContextCustomizerFactory$DuplicateJsonObjectContextCustomizer@5ce51fb8, org.springframework.boot.test.mock.mockito.MockitoContextCustomizer@0, org.springframework.boot.test.web.client.TestRestTemplateContextCustomizer@246ce7eb, org.springframework.boot.test.context.SpringBootTestArgs@1, org.springframework.boot.test.context.SpringBootTestWebEnvironment@13c7026a], resourceBasePath = 'src/main/webapp', contextLoader = 'org.springframework.boot.test.context.SpringBootContextLoader', parent = [null]], attributes = map['org.springframework.test.context.web.ServletTestExecutionListener.activateListener' -> true]], class annotated with @DirtiesContext [false] with mode [null].
16:18:04.883 [Test worker] DEBUG org.springframework.test.context.support.TestPropertySourceUtils - Adding inlined properties to environment: {spring.jmx.enabled=false, org.springframework.boot.test.context.SpringBootTestContextBootstrapper=true}

  .   ____          _            __ _ _
 /\\ / ___'_ __ _ _(_)_ __  __ _ \ \ \ \
( ( )\___ | '_ | '_| | '_ \/ _` | \ \ \ \
 \\/  ___)| |_)| | | | | || (_| |  ) ) ) )
  '  |____| .__|_| |_|_| |_\__, | / / / /
 =========|_|==============|___/=/_/_/_/
 :: Spring Boot ::                (v2.4.3)

2021-02-23 16:18:05.202  INFO 67797 --- [    Test worker] c.s.bidders.BiddersApplicationTests      : Starting BiddersApplicationTests using Java 13.0.1 on Alfredos-MacBook-Pro.local with PID 67797 (started by alfredobenaute in /Users/alfredobenaute/bootcamp/bootcamp-shopvintage-bidders)
2021-02-23 16:18:05.203  INFO 67797 --- [    Test worker] c.s.bidders.BiddersApplicationTests      : The following profiles are active: dev
2021-02-23 16:18:05.977  INFO 67797 --- [    Test worker] .s.d.r.c.RepositoryConfigurationDelegate : Bootstrapping Spring Data JPA repositories in DEFAULT mode.
2021-02-23 16:18:06.026  INFO 67797 --- [    Test worker] .s.d.r.c.RepositoryConfigurationDelegate : Finished Spring Data repository scanning in 42 ms. Found 1 JPA repository interfaces.
2021-02-23 16:18:06.681  INFO 67797 --- [    Test worker] com.zaxxer.hikari.HikariDataSource       : HikariPool-1 - Starting...
2021-02-23 16:18:08.067  INFO 67797 --- [    Test worker] com.zaxxer.hikari.HikariDataSource       : HikariPool-1 - Start completed.
2021-02-23 16:18:08.140  INFO 67797 --- [    Test worker] o.hibernate.jpa.internal.util.LogHelper  : HHH000204: Processing PersistenceUnitInfo [name: default]
2021-02-23 16:18:08.195  INFO 67797 --- [    Test worker] org.hibernate.Version                    : HHH000412: Hibernate ORM core version 5.4.28.Final
2021-02-23 16:18:08.379  INFO 67797 --- [    Test worker] o.hibernate.annotations.common.Version   : HCANN000001: Hibernate Commons Annotations {5.1.2.Final}
2021-02-23 16:18:08.520  INFO 67797 --- [    Test worker] org.hibernate.dialect.Dialect            : HHH000400: Using dialect: org.hibernate.dialect.SQLServer2012Dialect
2021-02-23 16:18:09.746  INFO 67797 --- [    Test worker] o.h.e.t.j.p.i.JtaPlatformInitiator       : HHH000490: Using JtaPlatform implementation: [org.hibernate.engine.transaction.jta.platform.internal.NoJtaPlatform]
2021-02-23 16:18:09.756  INFO 67797 --- [    Test worker] j.LocalContainerEntityManagerFactoryBean : Initialized JPA EntityManagerFactory for persistence unit 'default'
2021-02-23 16:18:10.384  WARN 67797 --- [    Test worker] JpaBaseConfiguration$JpaWebConfiguration : spring.jpa.open-in-view is enabled by default. Therefore, database queries may be performed during view rendering. Explicitly configure spring.jpa.open-in-view to disable this warning
2021-02-23 16:18:10.625  INFO 67797 --- [    Test worker] o.s.s.concurrent.ThreadPoolTaskExecutor  : Initializing ExecutorService 'applicationTaskExecutor'
2021-02-23 16:18:11.013  INFO 67797 --- [    Test worker] c.s.bidders.BiddersApplicationTests      : Started BiddersApplicationTests in 6.121 seconds (JVM running for 7.417)
]]></system-out>
  <system-err><![CDATA[]]></system-err>
</testsuite>
