<?xml version="1.0" encoding="UTF-8"?>
<testsuite name="com.shopvintage.bidders.BiddersApplicationTests" tests="1" skipped="0" failures="0" errors="0" timestamp="2021-02-20T19:07:15" hostname="Alfredos-MacBook-Pro.local" time="0.174">
  <properties/>
  <testcase name="contextLoads()" classname="com.shopvintage.bidders.BiddersApplicationTests" time="0.174"/>
  <system-out><![CDATA[14:07:02.645 [Test worker] DEBUG org.springframework.test.context.BootstrapUtils - Instantiating CacheAwareContextLoaderDelegate from class [org.springframework.test.context.cache.DefaultCacheAwareContextLoaderDelegate]
14:07:02.659 [Test worker] DEBUG org.springframework.test.context.BootstrapUtils - Instantiating BootstrapContext using constructor [public org.springframework.test.context.support.DefaultBootstrapContext(java.lang.Class,org.springframework.test.context.CacheAwareContextLoaderDelegate)]
14:07:02.693 [Test worker] DEBUG org.springframework.test.context.BootstrapUtils - Instantiating TestContextBootstrapper for test class [com.shopvintage.bidders.BiddersApplicationTests] from class [org.springframework.boot.test.context.SpringBootTestContextBootstrapper]
14:07:02.705 [Test worker] INFO org.springframework.boot.test.context.SpringBootTestContextBootstrapper - Neither @ContextConfiguration nor @ContextHierarchy found for test class [com.shopvintage.bidders.BiddersApplicationTests], using SpringBootContextLoader
14:07:02.709 [Test worker] DEBUG org.springframework.test.context.support.AbstractContextLoader - Did not detect default resource location for test class [com.shopvintage.bidders.BiddersApplicationTests]: class path resource [com/shopvintage/bidders/BiddersApplicationTests-context.xml] does not exist
14:07:02.710 [Test worker] DEBUG org.springframework.test.context.support.AbstractContextLoader - Did not detect default resource location for test class [com.shopvintage.bidders.BiddersApplicationTests]: class path resource [com/shopvintage/bidders/BiddersApplicationTestsContext.groovy] does not exist
14:07:02.710 [Test worker] INFO org.springframework.test.context.support.AbstractContextLoader - Could not detect default resource locations for test class [com.shopvintage.bidders.BiddersApplicationTests]: no resource found for suffixes {-context.xml, Context.groovy}.
14:07:02.711 [Test worker] INFO org.springframework.test.context.support.AnnotationConfigContextLoaderUtils - Could not detect default configuration classes for test class [com.shopvintage.bidders.BiddersApplicationTests]: BiddersApplicationTests does not declare any static, non-private, non-final, nested classes annotated with @Configuration.
14:07:02.760 [Test worker] DEBUG org.springframework.test.context.support.ActiveProfilesUtils - Could not find an 'annotation declaring class' for annotation type [org.springframework.test.context.ActiveProfiles] and class [com.shopvintage.bidders.BiddersApplicationTests]
14:07:02.821 [Test worker] DEBUG org.springframework.context.annotation.ClassPathScanningCandidateComponentProvider - Identified candidate component class: file [/Users/alfredobenaute/bootcamp/bootcamp-shopvintage-bidders/build/classes/java/main/com/shopvintage/bidders/BiddersApplication.class]
14:07:02.822 [Test worker] INFO org.springframework.boot.test.context.SpringBootTestContextBootstrapper - Found @SpringBootConfiguration com.shopvintage.bidders.BiddersApplication for test class com.shopvintage.bidders.BiddersApplicationTests
14:07:02.922 [Test worker] DEBUG org.springframework.boot.test.context.SpringBootTestContextBootstrapper - @TestExecutionListeners is not present for class [com.shopvintage.bidders.BiddersApplicationTests]: using defaults.
14:07:02.922 [Test worker] INFO org.springframework.boot.test.context.SpringBootTestContextBootstrapper - Loaded default TestExecutionListener class names from location [META-INF/spring.factories]: [org.springframework.boot.test.autoconfigure.restdocs.RestDocsTestExecutionListener, org.springframework.boot.test.autoconfigure.web.client.MockRestServiceServerResetTestExecutionListener, org.springframework.boot.test.autoconfigure.web.servlet.MockMvcPrintOnlyOnFailureTestExecutionListener, org.springframework.boot.test.autoconfigure.web.servlet.WebDriverTestExecutionListener, org.springframework.boot.test.autoconfigure.webservices.client.MockWebServiceServerTestExecutionListener, org.springframework.boot.test.mock.mockito.MockitoTestExecutionListener, org.springframework.boot.test.mock.mockito.ResetMocksTestExecutionListener, org.springframework.test.context.web.ServletTestExecutionListener, org.springframework.test.context.support.DirtiesContextBeforeModesTestExecutionListener, org.springframework.test.context.event.ApplicationEventsTestExecutionListener, org.springframework.test.context.support.DependencyInjectionTestExecutionListener, org.springframework.test.context.support.DirtiesContextTestExecutionListener, org.springframework.test.context.transaction.TransactionalTestExecutionListener, org.springframework.test.context.jdbc.SqlScriptsTestExecutionListener, org.springframework.test.context.event.EventPublishingTestExecutionListener]
14:07:02.942 [Test worker] INFO org.springframework.boot.test.context.SpringBootTestContextBootstrapper - Using TestExecutionListeners: [org.springframework.test.context.web.ServletTestExecutionListener@2289b5b3, org.springframework.test.context.support.DirtiesContextBeforeModesTestExecutionListener@31c7a3bf, org.springframework.test.context.event.ApplicationEventsTestExecutionListener@7fd6b4be, org.springframework.boot.test.mock.mockito.MockitoTestExecutionListener@583b174b, org.springframework.boot.test.autoconfigure.SpringBootDependencyInjectionTestExecutionListener@37f015d2, org.springframework.test.context.support.DirtiesContextTestExecutionListener@3ba682c8, org.springframework.test.context.transaction.TransactionalTestExecutionListener@719fb246, org.springframework.test.context.jdbc.SqlScriptsTestExecutionListener@719e7271, org.springframework.test.context.event.EventPublishingTestExecutionListener@46f7b715, org.springframework.boot.test.autoconfigure.restdocs.RestDocsTestExecutionListener@4948ddc1, org.springframework.boot.test.autoconfigure.web.client.MockRestServiceServerResetTestExecutionListener@45c94b2c, org.springframework.boot.test.autoconfigure.web.servlet.MockMvcPrintOnlyOnFailureTestExecutionListener@47c6b41e, org.springframework.boot.test.autoconfigure.web.servlet.WebDriverTestExecutionListener@3cf2ecec, org.springframework.boot.test.autoconfigure.webservices.client.MockWebServiceServerTestExecutionListener@33db9866, org.springframework.boot.test.mock.mockito.ResetMocksTestExecutionListener@3c44351a]
14:07:02.948 [Test worker] DEBUG org.springframework.test.context.support.AbstractDirtiesContextTestExecutionListener - Before test class: context [DefaultTestContext@68f032b1 testClass = BiddersApplicationTests, testInstance = [null], testMethod = [null], testException = [null], mergedContextConfiguration = [WebMergedContextConfiguration@61281502 testClass = BiddersApplicationTests, locations = '{}', classes = '{class com.shopvintage.bidders.BiddersApplication}', contextInitializerClasses = '[]', activeProfiles = '{}', propertySourceLocations = '{}', propertySourceProperties = '{org.springframework.boot.test.context.SpringBootTestContextBootstrapper=true}', contextCustomizers = set[org.springframework.boot.test.autoconfigure.actuate.metrics.MetricsExportContextCustomizerFactory$DisableMetricExportContextCustomizer@32f3fa52, org.springframework.boot.test.autoconfigure.properties.PropertyMappingContextCustomizer@0, org.springframework.boot.test.autoconfigure.web.servlet.WebDriverContextCustomizerFactory$Customizer@54b904ac, org.springframework.boot.test.context.filter.ExcludeFilterContextCustomizer@51018693, org.springframework.boot.test.json.DuplicateJsonObjectContextCustomizerFactory$DuplicateJsonObjectContextCustomizer@41e28d63, org.springframework.boot.test.mock.mockito.MockitoContextCustomizer@0, org.springframework.boot.test.web.client.TestRestTemplateContextCustomizer@1facda9a, org.springframework.boot.test.context.SpringBootTestArgs@1, org.springframework.boot.test.context.SpringBootTestWebEnvironment@13c7026a], resourceBasePath = 'src/main/webapp', contextLoader = 'org.springframework.boot.test.context.SpringBootContextLoader', parent = [null]], attributes = map['org.springframework.test.context.web.ServletTestExecutionListener.activateListener' -> true]], class annotated with @DirtiesContext [false] with mode [null].
14:07:02.980 [Test worker] DEBUG org.springframework.test.context.support.TestPropertySourceUtils - Adding inlined properties to environment: {spring.jmx.enabled=false, org.springframework.boot.test.context.SpringBootTestContextBootstrapper=true}

  .   ____          _            __ _ _
 /\\ / ___'_ __ _ _(_)_ __  __ _ \ \ \ \
( ( )\___ | '_ | '_| | '_ \/ _` | \ \ \ \
 \\/  ___)| |_)| | | | | || (_| |  ) ) ) )
  '  |____| .__|_| |_|_| |_\__, | / / / /
 =========|_|==============|___/=/_/_/_/
 :: Spring Boot ::                (v2.4.3)

2021-02-20 14:07:10.409  INFO 42464 --- [    Test worker] c.s.bidders.BiddersApplicationTests      : Starting BiddersApplicationTests using Java 13.0.1 on Alfredos-MacBook-Pro.local with PID 42464 (started by alfredobenaute in /Users/alfredobenaute/bootcamp/bootcamp-shopvintage-bidders)
2021-02-20 14:07:10.410  INFO 42464 --- [    Test worker] c.s.bidders.BiddersApplicationTests      : No active profile set, falling back to default profiles: default
2021-02-20 14:07:10.437  INFO 42464 --- [    Test worker] o.s.b.context.config.ConfigDataLoader    : Fetching config from server at : http://localhost:8888
2021-02-20 14:07:10.437  INFO 42464 --- [    Test worker] o.s.b.context.config.ConfigDataLoader    : Located environment: name=bootcamp-shopvintage-bidders, profiles=[default], label=null, version=9cbd3bdbace14e99ad47e160bad714167a35827c, state=null
2021-02-20 14:07:10.950  INFO 42464 --- [    Test worker] .s.d.r.c.RepositoryConfigurationDelegate : Bootstrapping Spring Data JPA repositories in DEFAULT mode.
2021-02-20 14:07:10.995  INFO 42464 --- [    Test worker] .s.d.r.c.RepositoryConfigurationDelegate : Finished Spring Data repository scanning in 39 ms. Found 1 JPA repository interfaces.
2021-02-20 14:07:11.149  INFO 42464 --- [    Test worker] o.s.cloud.context.scope.GenericScope     : BeanFactory id=a5c3efc0-f928-308d-a001-a0f1e6a9e53b
2021-02-20 14:07:11.557  INFO 42464 --- [    Test worker] com.zaxxer.hikari.HikariDataSource       : HikariPool-1 - Starting...
2021-02-20 14:07:12.727  INFO 42464 --- [    Test worker] com.zaxxer.hikari.HikariDataSource       : HikariPool-1 - Start completed.
2021-02-20 14:07:12.789  INFO 42464 --- [    Test worker] o.hibernate.jpa.internal.util.LogHelper  : HHH000204: Processing PersistenceUnitInfo [name: default]
2021-02-20 14:07:12.835  INFO 42464 --- [    Test worker] org.hibernate.Version                    : HHH000412: Hibernate ORM core version 5.4.28.Final
2021-02-20 14:07:12.975  INFO 42464 --- [    Test worker] o.hibernate.annotations.common.Version   : HCANN000001: Hibernate Commons Annotations {5.1.2.Final}
2021-02-20 14:07:13.072  INFO 42464 --- [    Test worker] org.hibernate.dialect.Dialect            : HHH000400: Using dialect: org.hibernate.dialect.SQLServer2012Dialect
2021-02-20 14:07:14.168  INFO 42464 --- [    Test worker] o.h.e.t.j.p.i.JtaPlatformInitiator       : HHH000490: Using JtaPlatform implementation: [org.hibernate.engine.transaction.jta.platform.internal.NoJtaPlatform]
2021-02-20 14:07:14.177  INFO 42464 --- [    Test worker] j.LocalContainerEntityManagerFactoryBean : Initialized JPA EntityManagerFactory for persistence unit 'default'
2021-02-20 14:07:14.607  WARN 42464 --- [    Test worker] JpaBaseConfiguration$JpaWebConfiguration : spring.jpa.open-in-view is enabled by default. Therefore, database queries may be performed during view rendering. Explicitly configure spring.jpa.open-in-view to disable this warning
2021-02-20 14:07:14.804  INFO 42464 --- [    Test worker] o.s.s.concurrent.ThreadPoolTaskExecutor  : Initializing ExecutorService 'applicationTaskExecutor'
2021-02-20 14:07:15.201  INFO 42464 --- [    Test worker] c.s.bidders.BiddersApplicationTests      : Started BiddersApplicationTests in 12.213 seconds (JVM running for 13.309)
]]></system-out>
  <system-err><![CDATA[]]></system-err>
</testsuite>
